<?xml version="1.0" encoding="UTF-8"?>
<!-- Generated by org.testng.reporters.JUnitReportReporter -->
<testsuite hostname="DESKTOP-OJ3TDFV" failures="0" tests="1" name="Tests.TestOne" time="0.015" errors="0" timestamp="2023-07-18T22:15:05 IST" skipped="0">
  <testcase classname="Tests.TestOne" name="test1" time="0.015"/>
</testsuite> <!-- Tests.TestOne -->
